4/2/2020 11:34:20 AM | Debut Mise en ligne complete:
4/2/2020 11:34:21 AM | Listing terminé :
4/2/2020 11:34:21 AM | 

4/2/2020 11:34:21 AM | * Backup-- -- --Folder create
4/2/2020 11:34:21 AM | * Templates-- -- --Folder create
4/2/2020 11:34:21 AM | * Files-- -- --Folder create
4/2/2020 11:34:21 AM | * Files/Image-- -- --Folder create
4/2/2020 11:34:21 AM | * WEFiles-- -- --Folder create
4/2/2020 11:34:21 AM | * WEFiles/Image-- -- --Folder create
4/2/2020 11:34:21 AM | * WEFiles/Image/WEImage-- -- --Folder create
4/2/2020 11:34:21 AM | * Backup/.htaccess-- -- --33
4/2/2020 11:34:21 AM | * .htaccess-- -- --0
4/2/2020 11:34:21 AM | * Templates/Base.tdat-- -- --0
4/2/2020 11:34:21 AM | * Templates/base2.tdat-- -- --0
4/2/2020 11:34:21 AM | * Files/Image/LOGOCONFI.png-- -- --47062
4/2/2020 11:34:21 AM | * WEFiles/Image/WEImage/LOGOCONFI-WE82de904c51.png-- -- --21551
4/2/2020 11:34:21 AM | * Files/Image/fenetre_luc.png-- -- --322607
4/2/2020 11:34:21 AM | * WEFiles/Image/WEImage/fenetre_luc-WE88f3d4572a.png-- -- --56066
4/2/2020 11:34:21 AM | * Files/Image/billoumais.png-- -- --380966
4/2/2020 11:34:21 AM | * WEFiles/Image/WEImage/billoumais-WE5b99e4425b.png-- -- --86797
4/2/2020 11:34:21 AM | * Files/Image/chatluc.png-- -- --38960
4/2/2020 11:34:21 AM | * WEFiles/Image/WEImage/chatluc-WEcc7696db1f.png-- -- --13472
4/2/2020 11:34:21 AM | * Files/Image/replay.png-- -- --176708
4/2/2020 11:34:21 AM | * WEFiles/Image/WEImage/replay-WEdf7a3123be.png-- -- --10941
4/2/2020 11:34:21 AM | * Files/Image/app_pht_luc.png-- -- --176166
4/2/2020 11:34:21 AM | * WEFiles/Image/WEImage/app_pht_luc-WE2b23656e23.png-- -- --15030
4/2/2020 11:34:21 AM | * 29.css-- -- --663
4/2/2020 11:34:21 AM | * 29.htm-- -- --5130
4/2/2020 11:34:21 AM | * index.css-- -- --686
4/2/2020 11:34:21 AM | * index.htm-- -- --6001
4/2/2020 11:34:21 AM | * Templates/Base.css-- -- --1207
4/2/2020 11:34:21 AM | * Templates/base2.css-- -- --1264
4/2/2020 11:34:21 AM | 
4/2/2020 11:34:21 AM | 
--------------------------------Phase 1 Terminé--------------------------------
4/2/2020 11:34:21 AM | 

4/2/2020 11:38:12 AM | Debut Mise en ligne complete:
4/2/2020 11:38:12 AM | Listing terminé :
4/2/2020 11:38:12 AM | 

4/2/2020 11:38:12 AM | * Backup-- -- --Folder create
4/2/2020 11:38:12 AM | * Templates-- -- --Folder create
4/2/2020 11:38:12 AM | * Files-- -- --Folder create
4/2/2020 11:38:12 AM | * Files/Image-- -- --Folder create
4/2/2020 11:38:12 AM | * WEFiles-- -- --Folder create
4/2/2020 11:38:12 AM | * WEFiles/Image-- -- --Folder create
4/2/2020 11:38:12 AM | * WEFiles/Image/WEImage-- -- --Folder create
4/2/2020 11:38:12 AM | * Backup/.htaccess-- -- --33
4/2/2020 11:38:12 AM | * .htaccess-- -- --0
4/2/2020 11:38:12 AM | * Templates/Base.tdat-- -- --0
4/2/2020 11:38:12 AM | * Templates/base2.tdat-- -- --0
4/2/2020 11:38:12 AM | * Files/Image/LOGOCONFI.png-- -- --47062
4/2/2020 11:38:12 AM | * WEFiles/Image/WEImage/LOGOCONFI-WE82de904c51.png-- -- --21551
4/2/2020 11:38:12 AM | * Files/Image/fenetre_luc.png-- -- --322607
4/2/2020 11:38:12 AM | * WEFiles/Image/WEImage/fenetre_luc-WE88f3d4572a.png-- -- --56066
4/2/2020 11:38:12 AM | * Files/Image/billoumais.png-- -- --380966
4/2/2020 11:38:12 AM | * WEFiles/Image/WEImage/billoumais-WE5b99e4425b.png-- -- --86797
4/2/2020 11:38:12 AM | * Files/Image/chatluc.png-- -- --38960
4/2/2020 11:38:12 AM | * WEFiles/Image/WEImage/chatluc-WEcc7696db1f.png-- -- --13472
4/2/2020 11:38:12 AM | * Files/Image/replay.png-- -- --176708
4/2/2020 11:38:12 AM | * WEFiles/Image/WEImage/replay-WEdf7a3123be.png-- -- --10941
4/2/2020 11:38:12 AM | * Files/Image/app_pht_luc.png-- -- --176166
4/2/2020 11:38:12 AM | * WEFiles/Image/WEImage/app_pht_luc-WE2b23656e23.png-- -- --15030
4/2/2020 11:38:12 AM | * 29.css-- -- --663
4/2/2020 11:38:12 AM | * 29.htm-- -- --5130
4/2/2020 11:38:12 AM | * index.css-- -- --686
4/2/2020 11:38:12 AM | * index.htm-- -- --6001
4/2/2020 11:38:12 AM | * Templates/Base.css-- -- --1207
4/2/2020 11:38:12 AM | * Templates/base2.css-- -- --1264
4/2/2020 11:38:12 AM | 
4/2/2020 11:38:12 AM | 
--------------------------------Phase 1 Terminé--------------------------------
4/2/2020 11:38:12 AM | 

4/2/2020 11:39:54 AM | Debut Mise en ligne complete:
4/2/2020 11:39:54 AM | Listing terminé :
4/2/2020 11:39:54 AM | 

4/2/2020 11:39:54 AM | * Backup-- -- --Folder create
4/2/2020 11:39:54 AM | * Templates-- -- --Folder create
4/2/2020 11:39:54 AM | * Files-- -- --Folder create
4/2/2020 11:39:54 AM | * Files/Image-- -- --Folder create
4/2/2020 11:39:54 AM | * WEFiles-- -- --Folder create
4/2/2020 11:39:54 AM | * WEFiles/Image-- -- --Folder create
4/2/2020 11:39:54 AM | * WEFiles/Image/WEImage-- -- --Folder create
4/2/2020 11:39:54 AM | * Backup/.htaccess-- -- --33
4/2/2020 11:39:54 AM | * .htaccess-- -- --0
4/2/2020 11:39:54 AM | * Templates/Base.tdat-- -- --0
4/2/2020 11:39:54 AM | * Templates/base2.tdat-- -- --0
4/2/2020 11:39:54 AM | * Files/Image/LOGOCONFI.png-- -- --47062
4/2/2020 11:39:54 AM | * WEFiles/Image/WEImage/LOGOCONFI-WE82de904c51.png-- -- --21551
4/2/2020 11:39:54 AM | * Files/Image/fenetre_luc.png-- -- --322607
4/2/2020 11:39:54 AM | * WEFiles/Image/WEImage/fenetre_luc-WE88f3d4572a.png-- -- --56066
4/2/2020 11:39:54 AM | * Files/Image/billoumais.png-- -- --380966
4/2/2020 11:39:54 AM | * WEFiles/Image/WEImage/billoumais-WE5b99e4425b.png-- -- --86797
4/2/2020 11:39:54 AM | * Files/Image/chatluc.png-- -- --38960
4/2/2020 11:39:54 AM | * WEFiles/Image/WEImage/chatluc-WEcc7696db1f.png-- -- --13472
4/2/2020 11:39:54 AM | * Files/Image/replay.png-- -- --176708
4/2/2020 11:39:54 AM | * WEFiles/Image/WEImage/replay-WEdf7a3123be.png-- -- --10941
4/2/2020 11:39:54 AM | * Files/Image/app_pht_luc.png-- -- --176166
4/2/2020 11:39:54 AM | * WEFiles/Image/WEImage/app_pht_luc-WE2b23656e23.png-- -- --15030
4/2/2020 11:39:54 AM | * 29.css-- -- --663
4/2/2020 11:39:54 AM | * 29.htm-- -- --5130
4/2/2020 11:39:54 AM | * index.css-- -- --686
4/2/2020 11:39:54 AM | * index.htm-- -- --6001
4/2/2020 11:39:54 AM | * Templates/Base.css-- -- --1207
4/2/2020 11:39:54 AM | * Templates/base2.css-- -- --1264
4/2/2020 11:39:54 AM | 
4/2/2020 11:39:54 AM | 
--------------------------------Phase 1 Terminé--------------------------------
4/2/2020 11:39:54 AM | 

4/2/2020 5:45:59 PM | Debut Mise en ligne complete:
4/2/2020 5:45:59 PM | Listing terminé :
4/2/2020 5:45:59 PM | 

4/2/2020 5:45:59 PM | * Backup-- -- --Folder create
4/2/2020 5:45:59 PM | * Templates-- -- --Folder create
4/2/2020 5:45:59 PM | * Files-- -- --Folder create
4/2/2020 5:45:59 PM | * Files/Image-- -- --Folder create
4/2/2020 5:45:59 PM | * WEFiles-- -- --Folder create
4/2/2020 5:45:59 PM | * WEFiles/Image-- -- --Folder create
4/2/2020 5:45:59 PM | * WEFiles/Image/WEImage-- -- --Folder create
4/2/2020 5:45:59 PM | * Backup/.htaccess-- -- --33
4/2/2020 5:45:59 PM | * .htaccess-- -- --0
4/2/2020 5:45:59 PM | * Templates/Base.tdat-- -- --0
4/2/2020 5:45:59 PM | * Templates/base2.tdat-- -- --0
4/2/2020 5:45:59 PM | * Files/Image/LOGOCONFI.png-- -- --47062
4/2/2020 5:45:59 PM | * WEFiles/Image/WEImage/LOGOCONFI-WE82de904c51.png-- -- --21551
4/2/2020 5:45:59 PM | * Files/Image/fenetre_luc.png-- -- --322607
4/2/2020 5:45:59 PM | * WEFiles/Image/WEImage/fenetre_luc-WE88f3d4572a.png-- -- --56066
4/2/2020 5:45:59 PM | * Files/Image/billoumais.png-- -- --380966
4/2/2020 5:45:59 PM | * WEFiles/Image/WEImage/billoumais-WE5b99e4425b.png-- -- --86797
4/2/2020 5:45:59 PM | * Files/Image/chatluc.png-- -- --38960
4/2/2020 5:45:59 PM | * WEFiles/Image/WEImage/chatluc-WEcc7696db1f.png-- -- --13472
4/2/2020 5:45:59 PM | * Files/Image/replay.png-- -- --176708
4/2/2020 5:45:59 PM | * WEFiles/Image/WEImage/replay-WEdf7a3123be.png-- -- --10941
4/2/2020 5:45:59 PM | * Files/Image/app_pht_luc.png-- -- --176166
4/2/2020 5:45:59 PM | * WEFiles/Image/WEImage/app_pht_luc-WE2b23656e23.png-- -- --15030
4/2/2020 5:45:59 PM | * 29.css-- -- --663
4/2/2020 5:45:59 PM | * 29.htm-- -- --5130
4/2/2020 5:45:59 PM | * index.css-- -- --686
4/2/2020 5:45:59 PM | * index.htm-- -- --6022
4/2/2020 5:45:59 PM | * Templates/Base.css-- -- --1207
4/2/2020 5:45:59 PM | * Templates/base2.css-- -- --1264
4/2/2020 5:46:00 PM | 
4/2/2020 5:46:00 PM | 
--------------------------------Phase 1 Terminé--------------------------------
4/2/2020 5:46:00 PM | 

